<?xml version="1.0" encoding="UTF-8"?>
<!-- Generated by org.testng.reporters.JUnitReportReporter -->
<testsuite hostname="DESKTOP-L9V90BM" failures="0" tests="1" name="QA.Brahma" time="22.093" errors="0" timestamp="2024-12-26T14:30:40 GMT+05:45" skipped="0">
  <testcase classname="QA.Brahma" name="Brahma" time="22.093"/>
  <system-out/>
</testsuite> <!-- QA.Brahma -->
